{"name": "Проверка создания пользователя", "status": "failed", "statusDetails": {"message": "AssertionError: assert 403 == 200\n +  where 403 = <Response [403]>.status_code", "trace": "self = <tests.test_user_authentication.TestCreateUser object at 0x000001F5AEC26C30>\n\n    @allure.title('Проверка создания пользователя')\n    def test_create_user(self):\n        payload = get_payload_user()\n        response = requests.post(f\"{URL}{ENDPOINT.CREATE_USER.value}\", data=payload)\n>       assert response.status_code == 200\nE       assert 403 == 200\nE        +  where 403 = <Response [403]>.status_code\n\ntests\\test_user_authentication.py:13: AssertionError"}, "start": 1719861146852, "stop": 1719861147239, "uuid": "b1e10ede-a200-47d0-8a88-1608be49cd42", "historyId": "76153b3ccc48ef70f1c07b5ee791bf31", "testCaseId": "76153b3ccc48ef70f1c07b5ee791bf31", "fullName": "tests.test_user_authentication.TestCreateUser#test_create_user", "labels": [{"name": "parentSuite", "value": "tests"}, {"name": "suite", "value": "test_user_authentication"}, {"name": "subSuite", "value": "TestCreateUser"}, {"name": "host", "value": "DESKTOP-6FRR489"}, {"name": "thread", "value": "10036-MainThread"}, {"name": "framework", "value": "pytest"}, {"name": "language", "value": "cpython3"}, {"name": "package", "value": "tests.test_user_authentication"}]}